------------------------------------------------------------
Server listening on TCP port 5001
TCP window size: 85.3 KByte (default)
------------------------------------------------------------
[  4] local 10.0.0.6 port 5001 connected with 10.0.0.5 port 57382
[ ID] Interval       Transfer     Bandwidth
[  4]  0.0- 1.0 sec  54.9 MBytes   461 Mbits/sec
[  4]  1.0- 2.0 sec  53.1 MBytes   445 Mbits/sec
[  4]  2.0- 3.0 sec  54.8 MBytes   460 Mbits/sec
[  4]  3.0- 4.0 sec  61.9 MBytes   519 Mbits/sec
[  4]  4.0- 5.0 sec  56.5 MBytes   474 Mbits/sec
[  4]  5.0- 6.0 sec  52.4 MBytes   440 Mbits/sec
[  4]  6.0- 7.0 sec  52.3 MBytes   439 Mbits/sec
[  4]  7.0- 8.0 sec  52.9 MBytes   444 Mbits/sec
[  4]  8.0- 9.0 sec  52.4 MBytes   439 Mbits/sec
[  4]  9.0-10.0 sec  59.3 MBytes   498 Mbits/sec
[  4] 10.0-11.0 sec  59.8 MBytes   502 Mbits/sec
[  4] 11.0-12.0 sec  53.8 MBytes   452 Mbits/sec
[  4] 12.0-13.0 sec  60.9 MBytes   511 Mbits/sec
[  4] 13.0-14.0 sec  53.3 MBytes   448 Mbits/sec
[  4] 14.0-15.0 sec  51.9 MBytes   435 Mbits/sec
[  4] 15.0-16.0 sec  99.4 MBytes   834 Mbits/sec
[  4] 16.0-17.0 sec   105 MBytes   885 Mbits/sec
[  4] 17.0-18.0 sec   109 MBytes   916 Mbits/sec
[  4] 18.0-19.0 sec   106 MBytes   886 Mbits/sec
[  4] 19.0-20.0 sec   106 MBytes   892 Mbits/sec
[  4] 20.0-21.0 sec   108 MBytes   910 Mbits/sec
[  4] 21.0-22.0 sec   111 MBytes   927 Mbits/sec
[  4] 22.0-23.0 sec   106 MBytes   887 Mbits/sec
[  4] 23.0-24.0 sec   110 MBytes   927 Mbits/sec
[  4] 24.0-25.0 sec   110 MBytes   921 Mbits/sec
[  4] 25.0-26.0 sec   109 MBytes   914 Mbits/sec
[  4] 26.0-27.0 sec   110 MBytes   922 Mbits/sec
[  4] 27.0-28.0 sec   107 MBytes   895 Mbits/sec
[  4] 28.0-29.0 sec   108 MBytes   909 Mbits/sec
[  4] 29.0-30.0 sec   108 MBytes   910 Mbits/sec
[  4] 30.0-31.0 sec   110 MBytes   923 Mbits/sec
[  4] 31.0-32.0 sec   110 MBytes   926 Mbits/sec
[  4] 32.0-33.0 sec   108 MBytes   909 Mbits/sec
[  4] 33.0-34.0 sec   106 MBytes   892 Mbits/sec
[  4] 34.0-35.0 sec   108 MBytes   904 Mbits/sec
[  4] 35.0-36.0 sec   110 MBytes   924 Mbits/sec
[  4] 36.0-37.0 sec   109 MBytes   912 Mbits/sec
[  4] 37.0-38.0 sec   107 MBytes   901 Mbits/sec
[  4] 38.0-39.0 sec   106 MBytes   887 Mbits/sec
[  4] 39.0-40.0 sec   103 MBytes   867 Mbits/sec
[  4] 40.0-41.0 sec  95.1 MBytes   798 Mbits/sec
[  4] 41.0-42.0 sec  95.7 MBytes   802 Mbits/sec
[  4] 42.0-43.0 sec  89.5 MBytes   750 Mbits/sec
[  4] 43.0-44.0 sec  99.1 MBytes   831 Mbits/sec
[  4] 44.0-45.0 sec   108 MBytes   902 Mbits/sec
[  4] 45.0-46.0 sec   107 MBytes   900 Mbits/sec
[  4] 46.0-47.0 sec   108 MBytes   902 Mbits/sec
[  4] 47.0-48.0 sec   107 MBytes   900 Mbits/sec
[  4] 48.0-49.0 sec   108 MBytes   907 Mbits/sec
[  4] 49.0-50.0 sec   104 MBytes   877 Mbits/sec
[  4] 50.0-51.0 sec   107 MBytes   895 Mbits/sec
[  4] 51.0-52.0 sec   108 MBytes   906 Mbits/sec
[  4] 52.0-53.0 sec   110 MBytes   921 Mbits/sec
[  4] 53.0-54.0 sec   111 MBytes   928 Mbits/sec
[  4] 54.0-55.0 sec   104 MBytes   871 Mbits/sec
[  4] 55.0-56.0 sec   101 MBytes   846 Mbits/sec
[  4] 56.0-57.0 sec   101 MBytes   850 Mbits/sec
[  4] 57.0-58.0 sec   103 MBytes   867 Mbits/sec
[  4] 58.0-59.0 sec   104 MBytes   875 Mbits/sec
[  4] 59.0-60.0 sec   107 MBytes   894 Mbits/sec
[  4]  0.0-60.0 sec  5.47 GBytes   783 Mbits/sec
